<?xml version="1.0" encoding="UTF-8"?>
<testsuite xmlns:xsi="http://www.w3.org/2001/XMLSchema-instance" xsi:noNamespaceSchemaLocation="https://maven.apache.org/surefire/maven-surefire-plugin/xsd/surefire-test-report.xsd" name="Runner.TestRunner" time="32.775" tests="10" errors="0" skipped="0" failures="10">
  <properties>
[...]
</properties>
  <testcase name="Reproducir contenido" classname="Runner.TestRunner" time="4.398">
    <failure message="Multiple Failures (2 failures)&#10;	java.lang.NullPointerException: &lt;no message&gt;&#10;	java.lang.NullPointerException: &lt;no message&gt;" type="org.opentest4j.MultipleFailuresError"><![CDATA[org.opentest4j.MultipleFailuresError: 
Multiple Failures (2 failures)
	java.lang.NullPointerException: <no message>
	java.lang.NullPointerException: <no message>
]]></failure>
    <system-out><![CDATA[
@ReproducirContenido @Prueba
Scenario: Reproducir contenido             # src/test/resources/Feature/PruebaQA/Videojs.feature:4
15:18:08.246 [main] INFO  Utl.Utilidades - Comprobando el entorno de ejecucion
15:18:08.259 [main] INFO  Utl.Utilidades - Environment: null
      java.lang.NullPointerException
	at Utl.Utilidades.getEnv(Utilidades.java:70)
	at StepDefinition.Hooks.Hooks.beforeScenario(Hooks.java:19)

  Given Carga sitio web de "VIDEOJS"       # StepDefinition.PruebaQAStepDefinition.VideojsStepDefinition.carga_sitio_web_de(java.lang.String)
  When Se reproduce el video               # StepDefinition.PruebaQAStepDefinition.VideojsStepDefinition.se_reproduce_el_video()
  Then Se valida que el video se reproduce # StepDefinition.PruebaQAStepDefinition.VideojsStepDefinition.se_valida_que_el_video_se_reproduce()
15:18:08.279 [main] INFO  StepDefinition.Hooks.Hooks - Cerrando Driver
      java.lang.NullPointerException
	at StepDefinition.Hooks.Hooks.Close(Hooks.java:37)

]]></system-out>
  </testcase>
  <testcase name="Reproducir video en pantalla completa" classname="Runner.TestRunner" time="3.042">
    <failure message="Multiple Failures (2 failures)&#10;	java.lang.NullPointerException: &lt;no message&gt;&#10;	java.lang.NullPointerException: &lt;no message&gt;" type="org.opentest4j.MultipleFailuresError"><![CDATA[org.opentest4j.MultipleFailuresError: 
Multiple Failures (2 failures)
	java.lang.NullPointerException: <no message>
	java.lang.NullPointerException: <no message>
]]></failure>
    <system-out><![CDATA[
@PantallaCompleta @Prueba
Scenario: Reproducir video en pantalla completa       # src/test/resources/Feature/PruebaQA/Videojs.feature:10
15:18:11.355 [main] INFO  Utl.Utilidades - Comprobando el entorno de ejecucion
15:18:11.357 [main] INFO  Utl.Utilidades - Environment: null
      java.lang.NullPointerException
	at Utl.Utilidades.getEnv(Utilidades.java:70)
	at StepDefinition.Hooks.Hooks.beforeScenario(Hooks.java:19)

  Given Carga sitio web de "VIDEOJS"                  # StepDefinition.PruebaQAStepDefinition.VideojsStepDefinition.carga_sitio_web_de(java.lang.String)
  When Se selecciona un video sub de la lista         # StepDefinition.PruebaQAStepDefinition.VideojsStepDefinition.se_selecciona_un_video_sub_de_la_lista()
  And Se reproduce el video                           # StepDefinition.PruebaQAStepDefinition.VideojsStepDefinition.se_reproduce_el_video()
  And Se valida que el video se reproduce             # StepDefinition.PruebaQAStepDefinition.VideojsStepDefinition.se_valida_que_el_video_se_reproduce()
  And Se selecciona modo pantalla completa            # StepDefinition.PruebaQAStepDefinition.VideojsStepDefinition.seSeleccionaModoPantallaCompleta()
  Then Se valida la reproduccion en pantalla completa # StepDefinition.PruebaQAStepDefinition.VideojsStepDefinition.seValidaLaReproduccionEnPantallaCompleta()
15:18:11.365 [main] INFO  StepDefinition.Hooks.Hooks - Cerrando Driver
      java.lang.NullPointerException
	at StepDefinition.Hooks.Hooks.Close(Hooks.java:37)

]]></system-out>
  </testcase>
  <testcase name="Reproducir video completo" classname="Runner.TestRunner" time="3.05">
    <failure message="Multiple Failures (2 failures)&#10;	java.lang.NullPointerException: &lt;no message&gt;&#10;	java.lang.NullPointerException: &lt;no message&gt;" type="org.opentest4j.MultipleFailuresError"><![CDATA[org.opentest4j.MultipleFailuresError: 
Multiple Failures (2 failures)
	java.lang.NullPointerException: <no message>
	java.lang.NullPointerException: <no message>
]]></failure>
    <system-out><![CDATA[
@ReproducirContenido @Prueba
Scenario: Reproducir video completo       # src/test/resources/Feature/PruebaQA/Videojs.feature:19
15:18:14.394 [main] INFO  Utl.Utilidades - Comprobando el entorno de ejecucion
15:18:14.401 [main] INFO  Utl.Utilidades - Environment: null
      java.lang.NullPointerException
	at Utl.Utilidades.getEnv(Utilidades.java:70)
	at StepDefinition.Hooks.Hooks.beforeScenario(Hooks.java:19)

  Given Carga sitio web de "VIDEOJS"      # StepDefinition.PruebaQAStepDefinition.VideojsStepDefinition.carga_sitio_web_de(java.lang.String)
  When Se reproduce el video              # StepDefinition.PruebaQAStepDefinition.VideojsStepDefinition.se_reproduce_el_video()
  And Se valida que el video se reproduce # StepDefinition.PruebaQAStepDefinition.VideojsStepDefinition.se_valida_que_el_video_se_reproduce()
  Then Se espera a que el video finalice  # StepDefinition.PruebaQAStepDefinition.VideojsStepDefinition.seEsperaAQueElVideoFinalice()
15:18:14.415 [main] INFO  StepDefinition.Hooks.Hooks - Cerrando Driver
      java.lang.NullPointerException
	at StepDefinition.Hooks.Hooks.Close(Hooks.java:37)

]]></system-out>
  </testcase>
  <testcase name="Reproducir contenido de la lista" classname="Runner.TestRunner" time="3.036">
    <failure message="Multiple Failures (2 failures)&#10;	java.lang.NullPointerException: &lt;no message&gt;&#10;	java.lang.NullPointerException: &lt;no message&gt;" type="org.opentest4j.MultipleFailuresError"><![CDATA[org.opentest4j.MultipleFailuresError: 
Multiple Failures (2 failures)
	java.lang.NullPointerException: <no message>
	java.lang.NullPointerException: <no message>
]]></failure>
    <system-out><![CDATA[
@ReproducirVideoDeLaLista @Prueba
Scenario: Reproducir contenido de la lista       # src/test/resources/Feature/PruebaQA/Videojs.feature:26
15:18:17.444 [main] INFO  Utl.Utilidades - Comprobando el entorno de ejecucion
15:18:17.444 [main] INFO  Utl.Utilidades - Environment: null
      java.lang.NullPointerException
	at Utl.Utilidades.getEnv(Utilidades.java:70)
	at StepDefinition.Hooks.Hooks.beforeScenario(Hooks.java:19)

  Given Carga sitio web de "VIDEOJS"             # StepDefinition.PruebaQAStepDefinition.VideojsStepDefinition.carga_sitio_web_de(java.lang.String)
  When Se selecciona siguiente video de la lista # StepDefinition.PruebaQAStepDefinition.VideojsStepDefinition.se_selecciona_siguiente_video_de_la_lista()
  And Se reproduce el video                      # StepDefinition.PruebaQAStepDefinition.VideojsStepDefinition.se_reproduce_el_video()
  Then Se valida que el video se reproduce       # StepDefinition.PruebaQAStepDefinition.VideojsStepDefinition.se_valida_que_el_video_se_reproduce()
15:18:17.448 [main] INFO  StepDefinition.Hooks.Hooks - Cerrando Driver
      java.lang.NullPointerException
	at StepDefinition.Hooks.Hooks.Close(Hooks.java:37)

]]></system-out>
  </testcase>
  <testcase name="Silenciar el reproductor" classname="Runner.TestRunner" time="3.047">
    <failure message="Multiple Failures (2 failures)&#10;	java.lang.NullPointerException: &lt;no message&gt;&#10;	java.lang.NullPointerException: &lt;no message&gt;" type="org.opentest4j.MultipleFailuresError"><![CDATA[org.opentest4j.MultipleFailuresError: 
Multiple Failures (2 failures)
	java.lang.NullPointerException: <no message>
	java.lang.NullPointerException: <no message>
]]></failure>
    <system-out><![CDATA[
@SilenciarVideo @Prueba
Scenario: Silenciar el reproductor            # src/test/resources/Feature/PruebaQA/Videojs.feature:33
15:18:20.486 [main] INFO  Utl.Utilidades - Comprobando el entorno de ejecucion
15:18:20.486 [main] INFO  Utl.Utilidades - Environment: null
      java.lang.NullPointerException
	at Utl.Utilidades.getEnv(Utilidades.java:70)
	at StepDefinition.Hooks.Hooks.beforeScenario(Hooks.java:19)

  Given Carga sitio web de "VIDEOJS"          # StepDefinition.PruebaQAStepDefinition.VideojsStepDefinition.carga_sitio_web_de(java.lang.String)
  When Se reproduce el video                  # StepDefinition.PruebaQAStepDefinition.VideojsStepDefinition.se_reproduce_el_video()
  And Se valida que el video se reproduce     # StepDefinition.PruebaQAStepDefinition.VideojsStepDefinition.se_valida_que_el_video_se_reproduce()
  And Se silencia el video                    # StepDefinition.PruebaQAStepDefinition.VideojsStepDefinition.se_silencia_el_video()
  Then Se valida que el video esta silenciado # StepDefinition.PruebaQAStepDefinition.VideojsStepDefinition.se_valida_que_el_video_esta_silenciado()
  And Se reactiva el audio del video          # StepDefinition.PruebaQAStepDefinition.VideojsStepDefinition.se_reactiva_el_audio_del_video()
15:18:20.490 [main] INFO  StepDefinition.Hooks.Hooks - Cerrando Driver
      java.lang.NullPointerException
	at StepDefinition.Hooks.Hooks.Close(Hooks.java:37)

]]></system-out>
  </testcase>
  <testcase name="Seleccionar subtitiulos" classname="Runner.TestRunner" time="3.039">
    <failure message="Multiple Failures (2 failures)&#10;	java.lang.NullPointerException: &lt;no message&gt;&#10;	java.lang.NullPointerException: &lt;no message&gt;" type="org.opentest4j.MultipleFailuresError"><![CDATA[org.opentest4j.MultipleFailuresError: 
Multiple Failures (2 failures)
	java.lang.NullPointerException: <no message>
	java.lang.NullPointerException: <no message>
]]></failure>
    <system-out><![CDATA[
@SubVideo @Prueba
Scenario: Seleccionar subtitiulos                  # src/test/resources/Feature/PruebaQA/Videojs.feature:42
15:18:23.529 [main] INFO  Utl.Utilidades - Comprobando el entorno de ejecucion
15:18:23.530 [main] INFO  Utl.Utilidades - Environment: null
      java.lang.NullPointerException
	at Utl.Utilidades.getEnv(Utilidades.java:70)
	at StepDefinition.Hooks.Hooks.beforeScenario(Hooks.java:19)

  Given Carga sitio web de "VIDEOJS"               # StepDefinition.PruebaQAStepDefinition.VideojsStepDefinition.carga_sitio_web_de(java.lang.String)
  When Se selecciona un video sub de la lista      # StepDefinition.PruebaQAStepDefinition.VideojsStepDefinition.se_selecciona_un_video_sub_de_la_lista()
  And Se reproduce el video                        # StepDefinition.PruebaQAStepDefinition.VideojsStepDefinition.se_reproduce_el_video()
  And Se valida que el video se reproduce          # StepDefinition.PruebaQAStepDefinition.VideojsStepDefinition.se_valida_que_el_video_se_reproduce()
  And Se selecciona idioma "Russian" de subtitulos # StepDefinition.PruebaQAStepDefinition.VideojsStepDefinition.se_selecciona_idioma_de_subtitulos(java.lang.String)
  Then Se valida el idioma seleccionado "Russian"  # StepDefinition.PruebaQAStepDefinition.VideojsStepDefinition.se_valida_el_idioma_seleccionado(java.lang.String)
15:18:23.533 [main] INFO  StepDefinition.Hooks.Hooks - Cerrando Driver
      java.lang.NullPointerException
	at StepDefinition.Hooks.Hooks.Close(Hooks.java:37)

]]></system-out>
  </testcase>
  <testcase name="Seleccionar Audio Descriptivo" classname="Runner.TestRunner" time="3.023">
    <failure message="Multiple Failures (2 failures)&#10;	java.lang.NullPointerException: &lt;no message&gt;&#10;	java.lang.NullPointerException: &lt;no message&gt;" type="org.opentest4j.MultipleFailuresError"><![CDATA[org.opentest4j.MultipleFailuresError: 
Multiple Failures (2 failures)
	java.lang.NullPointerException: <no message>
	java.lang.NullPointerException: <no message>
]]></failure>
    <system-out><![CDATA[
@AudioDescriptivo @Prueba
Scenario: Seleccionar Audio Descriptivo             # src/test/resources/Feature/PruebaQA/Videojs.feature:51
15:18:26.557 [main] INFO  Utl.Utilidades - Comprobando el entorno de ejecucion
15:18:26.558 [main] INFO  Utl.Utilidades - Environment: null
      java.lang.NullPointerException
	at Utl.Utilidades.getEnv(Utilidades.java:70)
	at StepDefinition.Hooks.Hooks.beforeScenario(Hooks.java:19)

  Given Carga sitio web de "VIDEOJS"                # StepDefinition.PruebaQAStepDefinition.VideojsStepDefinition.carga_sitio_web_de(java.lang.String)
  When Se selecciona un video sub de la lista       # StepDefinition.PruebaQAStepDefinition.VideojsStepDefinition.se_selecciona_un_video_sub_de_la_lista()
  And Se reproduce el video                         # StepDefinition.PruebaQAStepDefinition.VideojsStepDefinition.se_reproduce_el_video()
  And Se valida que el video se reproduce           # StepDefinition.PruebaQAStepDefinition.VideojsStepDefinition.se_valida_que_el_video_se_reproduce()
  And Se selecciona Audio descriptivo               # StepDefinition.PruebaQAStepDefinition.VideojsStepDefinition.seSeleccionaAudioDescriptivo()
  Then Se valida la seleccion del Audio descriptivo # StepDefinition.PruebaQAStepDefinition.VideojsStepDefinition.seValidaLaSeleccionDelAudioDescriptivo()
15:18:26.561 [main] INFO  StepDefinition.Hooks.Hooks - Cerrando Driver
      java.lang.NullPointerException
	at StepDefinition.Hooks.Hooks.Close(Hooks.java:37)

]]></system-out>
  </testcase>
  <testcase name="Seleccionar modo PIP" classname="Runner.TestRunner" time="3.053">
    <failure message="Multiple Failures (2 failures)&#10;	java.lang.NullPointerException: &lt;no message&gt;&#10;	java.lang.NullPointerException: &lt;no message&gt;" type="org.opentest4j.MultipleFailuresError"><![CDATA[org.opentest4j.MultipleFailuresError: 
Multiple Failures (2 failures)
	java.lang.NullPointerException: <no message>
	java.lang.NullPointerException: <no message>
]]></failure>
    <system-out><![CDATA[
@ModoPIP @Prueba
Scenario: Seleccionar modo PIP                              # src/test/resources/Feature/PruebaQA/Videojs.feature:60
15:18:29.593 [main] INFO  Utl.Utilidades - Comprobando el entorno de ejecucion
15:18:29.594 [main] INFO  Utl.Utilidades - Environment: null
      java.lang.NullPointerException
	at Utl.Utilidades.getEnv(Utilidades.java:70)
	at StepDefinition.Hooks.Hooks.beforeScenario(Hooks.java:19)

  Given Carga sitio web de "VIDEOJS"                        # StepDefinition.PruebaQAStepDefinition.VideojsStepDefinition.carga_sitio_web_de(java.lang.String)
  When Se selecciona un video sub de la lista               # StepDefinition.PruebaQAStepDefinition.VideojsStepDefinition.se_selecciona_un_video_sub_de_la_lista()
  And Se reproduce el video                                 # StepDefinition.PruebaQAStepDefinition.VideojsStepDefinition.se_reproduce_el_video()
  And Se valida que el video se reproduce                   # StepDefinition.PruebaQAStepDefinition.VideojsStepDefinition.se_valida_que_el_video_se_reproduce()
  And Se selecciona modo ventana picture in picture         # StepDefinition.PruebaQAStepDefinition.VideojsStepDefinition.seSeleccionaModoVentanaPictureInPicture()
  Then Se valida la reproduccion en modo picture in picture # StepDefinition.PruebaQAStepDefinition.VideojsStepDefinition.seValidaLaReproduccionEnModoPictureInPicture()
15:18:29.606 [main] INFO  StepDefinition.Hooks.Hooks - Cerrando Driver
      java.lang.NullPointerException
	at StepDefinition.Hooks.Hooks.Close(Hooks.java:37)

]]></system-out>
  </testcase>
  <testcase name="Volver a reproducir el video" classname="Runner.TestRunner" time="3.027">
    <failure message="Multiple Failures (2 failures)&#10;	java.lang.NullPointerException: &lt;no message&gt;&#10;	java.lang.NullPointerException: &lt;no message&gt;" type="org.opentest4j.MultipleFailuresError"><![CDATA[org.opentest4j.MultipleFailuresError: 
Multiple Failures (2 failures)
	java.lang.NullPointerException: <no message>
	java.lang.NullPointerException: <no message>
]]></failure>
    <system-out><![CDATA[
@Replay @Prueba
Scenario: Volver a reproducir el video     # src/test/resources/Feature/PruebaQA/Videojs.feature:69
15:18:32.638 [main] INFO  Utl.Utilidades - Comprobando el entorno de ejecucion
15:18:32.639 [main] INFO  Utl.Utilidades - Environment: null
      java.lang.NullPointerException
	at Utl.Utilidades.getEnv(Utilidades.java:70)
	at StepDefinition.Hooks.Hooks.beforeScenario(Hooks.java:19)

  Given Carga sitio web de "VIDEOJS"       # StepDefinition.PruebaQAStepDefinition.VideojsStepDefinition.carga_sitio_web_de(java.lang.String)
  When Se reproduce el video               # StepDefinition.PruebaQAStepDefinition.VideojsStepDefinition.se_reproduce_el_video()
  And Se valida que el video se reproduce  # StepDefinition.PruebaQAStepDefinition.VideojsStepDefinition.se_valida_que_el_video_se_reproduce()
  And Se espera a que el video finalice    # StepDefinition.PruebaQAStepDefinition.VideojsStepDefinition.seEsperaAQueElVideoFinalice()
  And Se vuelve a reproducir el video      # StepDefinition.PruebaQAStepDefinition.VideojsStepDefinition.seVuelveAReproducirElVideo()
  Then Se valida que el video se reproduce # StepDefinition.PruebaQAStepDefinition.VideojsStepDefinition.se_valida_que_el_video_se_reproduce()
15:18:32.641 [main] INFO  StepDefinition.Hooks.Hooks - Cerrando Driver
      java.lang.NullPointerException
	at StepDefinition.Hooks.Hooks.Close(Hooks.java:37)

]]></system-out>
  </testcase>
  <testcase name="Seleccionar chapters" classname="Runner.TestRunner" time="3.016">
    <failure message="Multiple Failures (2 failures)&#10;	java.lang.NullPointerException: &lt;no message&gt;&#10;	java.lang.NullPointerException: &lt;no message&gt;" type="org.opentest4j.MultipleFailuresError"><![CDATA[org.opentest4j.MultipleFailuresError: 
Multiple Failures (2 failures)
	java.lang.NullPointerException: <no message>
	java.lang.NullPointerException: <no message>
]]></failure>
    <system-out><![CDATA[
@Chapters @Prueba
Scenario: Seleccionar chapters                        # src/test/resources/Feature/PruebaQA/Videojs.feature:78
15:18:35.655 [main] INFO  Utl.Utilidades - Comprobando el entorno de ejecucion
15:18:35.656 [main] INFO  Utl.Utilidades - Environment: null
      java.lang.NullPointerException
	at Utl.Utilidades.getEnv(Utilidades.java:70)
	at StepDefinition.Hooks.Hooks.beforeScenario(Hooks.java:19)

  Given Carga sitio web de "VIDEOJS"                  # StepDefinition.PruebaQAStepDefinition.VideojsStepDefinition.carga_sitio_web_de(java.lang.String)
  When Se selecciona un video sub de la lista         # StepDefinition.PruebaQAStepDefinition.VideojsStepDefinition.se_selecciona_un_video_sub_de_la_lista()
  And Se reproduce el video                           # StepDefinition.PruebaQAStepDefinition.VideojsStepDefinition.se_reproduce_el_video()
  And Se valida que el video se reproduce             # StepDefinition.PruebaQAStepDefinition.VideojsStepDefinition.se_valida_que_el_video_se_reproduce()
  And Se selecciona chapter "Typewriter"              # StepDefinition.PruebaQAStepDefinition.VideojsStepDefinition.seSeleccionaChapter(java.lang.String)
  Then Se valida el chapter seleccionado "Typewriter" # StepDefinition.PruebaQAStepDefinition.VideojsStepDefinition.seValidaElChapterSeleccionado(java.lang.String)
15:18:35.659 [main] INFO  StepDefinition.Hooks.Hooks - Cerrando Driver
      java.lang.NullPointerException
	at StepDefinition.Hooks.Hooks.Close(Hooks.java:37)

]]></system-out>
  </testcase>
</testsuite>